=== å¼€å§‹å¾®ä¿¡å°ç¨‹åºæ„å»º ===
è„šæœ¬ç›®å½•: /Users/qiaoliang/working/code/safeGuard/frontend/scripts
å‰ç«¯é¡¹ç›®è·¯å¾„: /Users/qiaoliang/working/code/safeGuard/frontend
å‰ç«¯é¡¹ç›®è·¯å¾„: /Users/qiaoliang/working/code/safeGuard/frontend
å½“å‰å·¥ä½œç›®å½•: /Users/qiaoliang/working/code/safeGuard/frontend
å¾®ä¿¡å°ç¨‹åº AppID: wx55a59cbcd4156ce4
æ¸…ç†å¾®ä¿¡å¼€å‘è€…å·¥å…·è¿›ç¨‹...
å‘ç°å¾®ä¿¡å¼€å‘è€…å·¥å…·è¿›ç¨‹ï¼Œæ­£åœ¨ç»ˆæ­¢...
è­¦å‘Šï¼šå¾®ä¿¡å¼€å‘è€…å·¥å…·è¿›ç¨‹ä»åœ¨è¿è¡Œï¼Œå°è¯•å¼ºåˆ¶ç»ˆæ­¢...
è­¦å‘Šï¼šæ— æ³•ç»ˆæ­¢å¾®ä¿¡å¼€å‘è€…å·¥å…·è¿›ç¨‹ï¼Œæ„å»ºå¯èƒ½ä¼šå—åˆ°å½±å“
===== ENV_TYPE =========

===== END =========
æ¸…ç†æ—§çš„æ„å»ºç»“æœ: /Users/qiaoliang/working/code/safeGuard/frontend/src/unpackage/dist/build/web
æ„å»ºè¾“å‡ºç›®å½•: /Users/qiaoliang/working/code/safeGuard/frontend/src/unpackage/dist/build/web
æ£€æŸ¥HBuilderXä¾èµ–...
âœ“ HBuilderXä¾èµ–æ£€æŸ¥é€šè¿‡
API URL: http://localhost:9999
Environment: func
å¤‡ä»½åŸå§‹é…ç½®æ–‡ä»¶...
ä¸´æ—¶ä¿®æ”¹é…ç½®æ–‡ä»¶...
# func ç¯å¢ƒï¼Œåˆ›å»ºfuncçš„é…ç½®æ–‡ä»¶
ä¿®æ”¹ func.js ä¸­çš„ baseURL...
æ­£åœ¨æ„å»ºH5 ç½‘ç«™...
æ„å»ºå‚æ•°ï¼š
  å¹³å°: web
  é¡¹ç›®è·¯å¾„: /Users/qiaoliang/working/code/safeGuard/frontend/src
  æºç æ˜ å°„: true
æ¸…ç†ä¸Šæ¬¡æ„å»ºæ®‹ç•™çš„æ–‡ä»¶..../Users/qiaoliang/working/code/safeGuard/frontend/src/unpackage/dist/build/web
17:20:51.570 é¡¹ç›® src [__UNI__AA79EBE] å¼€å§‹å‘å¸ƒåˆ°Web...
17:20:52.726 ç¼–è¯‘å™¨ç‰ˆæœ¬ï¼š4.87ï¼ˆvue3ï¼‰
17:20:52.727 æ­£åœ¨ç¼–è¯‘ä¸­...
17:21:07.321 æ¬¢è¿å°†webç«™ç‚¹éƒ¨ç½²åˆ°uniCloudå‰ç«¯ç½‘é¡µæ‰˜ç®¡å¹³å°ï¼Œé«˜é€Ÿã€å…è´¹ã€å®‰å…¨ã€çœå¿ƒï¼Œè¯¦è§ï¼šhttps://uniapp.dcloud.io/uniCloud/hosting
17:21:07.322 é¡¹ç›® src ç¼–è¯‘æˆåŠŸã€‚
17:21:07.461 [33mé¡¹ç›® src å¯¼å‡ºWebæˆåŠŸï¼Œè·¯å¾„ä¸ºï¼š/Users/qiaoliang/working/code/safeGuard/frontend/src/unpackage/dist/build/web[39m
17:21:07.462 [33mæ³¨æ„è¯·éƒ¨ç½²åˆ°webæœåŠ¡å™¨ä½¿ç”¨ï¼Œä¸è¦ä½¿ç”¨èµ„æºç®¡ç†å™¨ç›´æ¥æ‰“å¼€ï¼Œé™¤éè¿›è¡Œç›¸å¯¹è·¯å¾„é…ç½®ï¼Œå…·ä½“å‚è€ƒï¼šhttps://ask.dcloud.net.cn/article/37432ã€‚[39m
17:21:07.462 [31mæ¬¢è¿å¼€é€š <a href='https://uniad.dcloud.net.cn'>uniAD</a> å¹¿å‘Šè¿›è¡Œå˜ç°ï¼Œ<a href='https://uniad.dcloud.net.cn/login'>ç”³è¯·å…¥å£</a> | <a href='https://uniapp.dcloud.net.cn/uni-ad/'>å¼€å‘æ–‡æ¡£</a>[39m

æ¢å¤åŸå§‹é…ç½®æ–‡ä»¶...
=== å¾®ä¿¡å°ç¨‹åºæ„å»ºå®Œæˆ ===
